Performing C SOURCE FILE Test CMAKE_HAVE_LIBC_PTHREAD failed with the following output:
Change Dir: /home/lamarre/Documents/SONIA/catkin_ws/src/control_library/build/CMakeFiles/CMakeTmp

Run Build Command(s):/usr/bin/make -f Makefile cmTC_caade/fast && /usr/bin/make  -f CMakeFiles/cmTC_caade.dir/build.make CMakeFiles/cmTC_caade.dir/build
make[1] : on entre dans le répertoire « /home/lamarre/Documents/SONIA/catkin_ws/src/control_library/build/CMakeFiles/CMakeTmp »
Building C object CMakeFiles/cmTC_caade.dir/src.c.o
/usr/bin/cc -DCMAKE_HAVE_LIBC_PTHREAD   -o CMakeFiles/cmTC_caade.dir/src.c.o -c /home/lamarre/Documents/SONIA/catkin_ws/src/control_library/build/CMakeFiles/CMakeTmp/src.c
Linking C executable cmTC_caade
/opt/cmake-3.21.0-rc3-linux-x86_64/bin/cmake -E cmake_link_script CMakeFiles/cmTC_caade.dir/link.txt --verbose=1
/usr/bin/cc -rdynamic CMakeFiles/cmTC_caade.dir/src.c.o -o cmTC_caade 
CMakeFiles/cmTC_caade.dir/src.c.o : Dans la fonction « main » :
src.c:(.text+0x3e) : référence indéfinie vers « pthread_create »
src.c:(.text+0x4a) : référence indéfinie vers « pthread_detach »
src.c:(.text+0x56) : référence indéfinie vers « pthread_cancel »
src.c:(.text+0x67) : référence indéfinie vers « pthread_join »
src.c:(.text+0x7b) : référence indéfinie vers « pthread_atfork »
collect2: error: ld returned 1 exit status
CMakeFiles/cmTC_caade.dir/build.make:98: recipe for target 'cmTC_caade' failed
make[1]: *** [cmTC_caade] Error 1
make[1] : on quitte le répertoire « /home/lamarre/Documents/SONIA/catkin_ws/src/control_library/build/CMakeFiles/CMakeTmp »
Makefile:127: recipe for target 'cmTC_caade/fast' failed
make: *** [cmTC_caade/fast] Error 2


Source file was:
#include <pthread.h>

static void* test_func(void* data)
{
  return data;
}

int main(void)
{
  pthread_t thread;
  pthread_create(&thread, NULL, test_func, NULL);
  pthread_detach(thread);
  pthread_cancel(thread);
  pthread_join(thread, NULL);
  pthread_atfork(NULL, NULL, NULL);
  pthread_exit(NULL);

  return 0;
}

Determining if the function pthread_create exists in the pthreads failed with the following output:
Change Dir: /home/lamarre/Documents/SONIA/catkin_ws/src/control_library/build/CMakeFiles/CMakeTmp

Run Build Command(s):/usr/bin/make -f Makefile cmTC_d7846/fast && /usr/bin/make  -f CMakeFiles/cmTC_d7846.dir/build.make CMakeFiles/cmTC_d7846.dir/build
make[1] : on entre dans le répertoire « /home/lamarre/Documents/SONIA/catkin_ws/src/control_library/build/CMakeFiles/CMakeTmp »
Building C object CMakeFiles/cmTC_d7846.dir/CheckFunctionExists.c.o
/usr/bin/cc   -DCHECK_FUNCTION_EXISTS=pthread_create -o CMakeFiles/cmTC_d7846.dir/CheckFunctionExists.c.o -c /opt/cmake-3.21.0-rc3-linux-x86_64/share/cmake-3.21/Modules/CheckFunctionExists.c
Linking C executable cmTC_d7846
/opt/cmake-3.21.0-rc3-linux-x86_64/bin/cmake -E cmake_link_script CMakeFiles/cmTC_d7846.dir/link.txt --verbose=1
/usr/bin/cc  -DCHECK_FUNCTION_EXISTS=pthread_create -rdynamic CMakeFiles/cmTC_d7846.dir/CheckFunctionExists.c.o -o cmTC_d7846  -lpthreads 
/usr/bin/ld : ne peut trouver -lpthreads
collect2: error: ld returned 1 exit status
CMakeFiles/cmTC_d7846.dir/build.make:98: recipe for target 'cmTC_d7846' failed
make[1]: *** [cmTC_d7846] Error 1
make[1] : on quitte le répertoire « /home/lamarre/Documents/SONIA/catkin_ws/src/control_library/build/CMakeFiles/CMakeTmp »
Makefile:127: recipe for target 'cmTC_d7846/fast' failed
make: *** [cmTC_d7846/fast] Error 2



